<?xml version="1.0" encoding="UTF-8"?>
<!-- Generated by org.testng.reporters.JUnitReportReporter -->
<testsuite hostname="LAPTOP-U25A8LEN" failures="0" tests="3" name="org.tst.ng.C" time="0.008" errors="0" timestamp="25 Mar 2021 12:05:07 GMT" skipped="0">
  <testcase classname="org.tst.ng.C" name="tc333" time="0.001"/>
  <testcase classname="org.tst.ng.C" name="tc111" time="0.006"/>
  <testcase classname="org.tst.ng.C" name="tc222" time="0.001"/>
</testsuite> <!-- org.tst.ng.C -->
