<?xml version="1.0" encoding="UTF-8"?>
<!-- Generated by org.testng.reporters.JUnitReportReporter -->
<testsuite hostname="LAPTOP-U25A8LEN" failures="0" tests="3" name="org.tst.ng.B" time="0.002" errors="0" timestamp="25 Mar 2021 12:05:07 GMT" skipped="0">
  <testcase classname="org.tst.ng.B" name="tc11" time="0.001"/>
  <testcase classname="org.tst.ng.B" name="tc33" time="0.001"/>
  <testcase classname="org.tst.ng.B" name="tc22" time="0.000"/>
</testsuite> <!-- org.tst.ng.B -->
